<?xml version="1.0" encoding="UTF-8"?>
<Site BuildName="Linux-g++"
	BuildStamp="20180924-2347-Experimental"
	Name="thinkpad"
	Generator="ctest-3.11.2"
	CompilerName="/bin/g++"
	CompilerVersion="8.1.1"
	OSName="Linux"
	Hostname="thinkpad"
	OSRelease="4.18.8-200.fc28.x86_64"
	OSVersion="#1 SMP Sun Sep 16 18:15:41 UTC 2018"
	OSPlatform="x86_64"
	Is64Bits="1"
	VendorString="GenuineIntel"
	VendorID="Intel Corporation"
	FamilyID="6"
	ModelID="58"
	ProcessorCacheSize="6144"
	NumberOfLogicalCPU="8"
	NumberOfPhysicalCPU="4"
	TotalVirtualMemory="7951"
	TotalPhysicalMemory="7820"
	LogicalProcessorsPerPhysical="2"
	ProcessorClockFrequency="1701.74"
	>
	<Testing>
		<StartDateTime>Sep 25 02:47 +03</StartDateTime>
		<StartTestTime>1537832870</StartTestTime>
		<TestList/>
		<EndDateTime>Sep 25 02:47 +03</EndDateTime>
		<EndTestTime>1537832870</EndTestTime>
		<ElapsedMinutes>0</ElapsedMinutes>
	</Testing>
</Site>
